<?xml version="1.0" encoding="UTF-8"?>
<testsuite name="guru.qa.CheckJsonFile" tests="1" skipped="0" failures="0" errors="0" timestamp="2025-05-13T06:46:25" hostname="Air-Anatolij" time="0.084">
  <properties/>
  <testcase name="checkJsonFileTest()" classname="guru.qa.CheckJsonFile" time="0.084"/>
  <system-out><![CDATA[]]></system-out>
  <system-err><![CDATA[]]></system-err>
</testsuite>
