<?xml version="1.0" encoding="UTF-8"?>
<testsuite name="guru.qa.FilesParsingTest" tests="1" skipped="0" failures="0" errors="0" timestamp="2025-05-11T14:16:18" hostname="Air-Anatolij" time="0.015">
  <properties/>
  <testcase name="jsonFileImproovedTest()" classname="guru.qa.FilesParsingTest" time="0.015"/>
  <system-out><![CDATA[]]></system-out>
  <system-err><![CDATA[]]></system-err>
</testsuite>
